<?xml version="1.0" encoding="UTF-8"?>
<coverage generated="1709568085625" clover="3.2.0">
  <project timestamp="1709568085625" name="All files">
    <metrics statements="271" coveredstatements="245" conditionals="55" coveredconditionals="45" methods="50" coveredmethods="41" elements="376" coveredelements="331" complexity="0" loc="271" ncloc="271" packages="1" files="5" classes="5"/>
    <file name="config.ts" path="/home/wildan/proyek/icast-js/src/config.ts">
      <metrics statements="24" coveredstatements="18" conditionals="0" coveredconditionals="0" methods="2" coveredmethods="1"/>
      <line num="1" count="1" type="stmt"/>
      <line num="9" count="3" type="stmt"/>
      <line num="10" count="3" type="stmt"/>
      <line num="11" count="3" type="stmt"/>
      <line num="12" count="3" type="stmt"/>
      <line num="13" count="3" type="stmt"/>
      <line num="14" count="3" type="stmt"/>
      <line num="17" count="3" type="stmt"/>
      <line num="20" count="3" type="stmt"/>
      <line num="21" count="3" type="stmt"/>
      <line num="23" count="3" type="stmt"/>
      <line num="24" count="3" type="stmt"/>
      <line num="25" count="3" type="stmt"/>
      <line num="26" count="3" type="stmt"/>
      <line num="27" count="3" type="stmt"/>
      <line num="28" count="3" type="stmt"/>
      <line num="30" count="3" type="stmt"/>
      <line num="34" count="0" type="stmt"/>
      <line num="35" count="0" type="stmt"/>
      <line num="36" count="0" type="stmt"/>
      <line num="37" count="0" type="stmt"/>
      <line num="38" count="0" type="stmt"/>
      <line num="39" count="0" type="stmt"/>
      <line num="43" count="1" type="stmt"/>
    </file>
    <file name="icast.ts" path="/home/wildan/proyek/icast-js/src/icast.ts">
      <metrics statements="33" coveredstatements="28" conditionals="6" coveredconditionals="5" methods="4" coveredmethods="4"/>
      <line num="1" count="1" type="stmt"/>
      <line num="2" count="1" type="stmt"/>
      <line num="3" count="1" type="stmt"/>
      <line num="4" count="1" type="stmt"/>
      <line num="7" count="3" type="stmt"/>
      <line num="8" count="3" type="stmt"/>
      <line num="9" count="3" type="stmt"/>
      <line num="11" count="3" type="stmt"/>
      <line num="12" count="3" type="stmt"/>
      <line num="13" count="3" type="stmt"/>
      <line num="16" count="3" type="stmt"/>
      <line num="17" count="3" type="stmt"/>
      <line num="21" count="3" type="stmt"/>
      <line num="22" count="3" type="stmt"/>
      <line num="23" count="3" type="stmt"/>
      <line num="27" count="3" type="stmt"/>
      <line num="34" count="3" type="stmt"/>
      <line num="38" count="99" type="stmt"/>
      <line num="40" count="99" type="cond" truecount="1" falsecount="0"/>
      <line num="42" count="68" type="stmt"/>
      <line num="43" count="68" type="cond" truecount="1" falsecount="0"/>
      <line num="44" count="34" type="stmt"/>
      <line num="48" count="99" type="cond" truecount="1" falsecount="0"/>
      <line num="50" count="0" type="cond" truecount="0" falsecount="1"/>
      <line num="51" count="0" type="stmt"/>
      <line num="52" count="0" type="stmt"/>
      <line num="57" count="1" type="stmt"/>
      <line num="59" count="1" type="cond" truecount="1" falsecount="0"/>
      <line num="60" count="1" type="stmt"/>
      <line num="61" count="1" type="stmt"/>
      <line num="64" count="0" type="stmt"/>
      <line num="65" count="0" type="stmt"/>
      <line num="69" count="1" type="stmt"/>
    </file>
    <file name="multicast.ts" path="/home/wildan/proyek/icast-js/src/multicast.ts">
      <metrics statements="43" coveredstatements="34" conditionals="12" coveredconditionals="10" methods="9" coveredmethods="4"/>
      <line num="1" count="2" type="stmt"/>
      <line num="2" count="2" type="stmt"/>
      <line num="3" count="2" type="stmt"/>
      <line num="12" count="0" type="stmt"/>
      <line num="15" count="0" type="stmt"/>
      <line num="18" count="0" type="stmt"/>
      <line num="21" count="0" type="stmt"/>
      <line num="25" count="0" type="stmt"/>
      <line num="29" count="10" type="stmt"/>
      <line num="31" count="10" type="cond" truecount="1" falsecount="0"/>
      <line num="32" count="1" type="stmt"/>
      <line num="35" count="9" type="stmt"/>
      <line num="39" count="12" type="stmt"/>
      <line num="41" count="12" type="cond" truecount="2" falsecount="0"/>
      <line num="42" count="7" type="stmt"/>
      <line num="43" count="7" type="stmt"/>
      <line num="45" count="7" type="cond" truecount="0" falsecount="1"/>
      <line num="46" count="0" type="stmt"/>
      <line num="47" count="0" type="stmt"/>
      <line num="50" count="7" type="stmt"/>
      <line num="51" count="5" type="cond" truecount="1" falsecount="0"/>
      <line num="52" count="1" type="stmt"/>
      <line num="53" count="1" type="stmt"/>
      <line num="56" count="4" type="stmt"/>
      <line num="57" count="4" type="cond" truecount="1" falsecount="0"/>
      <line num="58" count="1" type="stmt"/>
      <line num="59" count="1" type="stmt"/>
      <line num="62" count="3" type="stmt"/>
      <line num="63" count="3" type="stmt"/>
      <line num="65" count="3" type="cond" truecount="0" falsecount="1"/>
      <line num="66" count="0" type="stmt"/>
      <line num="67" count="0" type="stmt"/>
      <line num="70" count="3" type="stmt"/>
      <line num="72" count="3" type="stmt"/>
      <line num="76" count="7" type="stmt"/>
      <line num="77" count="7" type="stmt"/>
      <line num="80" count="7" type="stmt"/>
      <line num="82" count="14" type="cond" truecount="1" falsecount="0"/>
      <line num="88" count="7" type="cond" truecount="1" falsecount="0"/>
      <line num="89" count="7" type="stmt"/>
      <line num="90" count="7" type="stmt"/>
      <line num="95" count="7" type="stmt"/>
      <line num="99" count="2" type="stmt"/>
    </file>
    <file name="multicast_v1.ts" path="/home/wildan/proyek/icast-js/src/multicast_v1.ts">
      <metrics statements="107" coveredstatements="101" conditionals="20" coveredconditionals="17" methods="17" coveredmethods="14"/>
      <line num="1" count="2" type="stmt"/>
      <line num="2" count="2" type="stmt"/>
      <line num="11" count="2" type="stmt"/>
      <line num="19" count="13" type="stmt"/>
      <line num="20" count="13" type="stmt"/>
      <line num="22" count="13" type="stmt"/>
      <line num="24" count="13" type="stmt"/>
      <line num="26" count="13" type="stmt"/>
      <line num="29" count="13" type="stmt"/>
      <line num="30" count="13" type="stmt"/>
      <line num="31" count="13" type="stmt"/>
      <line num="32" count="13" type="stmt"/>
      <line num="33" count="13" type="stmt"/>
      <line num="34" count="13" type="stmt"/>
      <line num="43" count="13" type="stmt"/>
      <line num="45" count="13" type="stmt"/>
      <line num="47" count="13" type="stmt"/>
      <line num="48" count="13" type="stmt"/>
      <line num="54" count="9" type="cond" truecount="2" falsecount="0"/>
      <line num="55" count="3" type="stmt"/>
      <line num="57" count="9" type="stmt"/>
      <line num="58" count="9" type="stmt"/>
      <line num="59" count="8" type="stmt"/>
      <line num="62" count="8" type="stmt"/>
      <line num="65" count="8" type="stmt"/>
      <line num="68" count="8" type="cond" truecount="2" falsecount="0"/>
      <line num="72" count="8" type="stmt"/>
      <line num="86" count="12" type="stmt"/>
      <line num="88" count="12" type="stmt"/>
      <line num="89" count="12" type="stmt"/>
      <line num="90" count="12" type="stmt"/>
      <line num="93" count="12" type="stmt"/>
      <line num="94" count="12" type="cond" truecount="2" falsecount="0"/>
      <line num="95" count="7" type="stmt"/>
      <line num="96" count="7" type="stmt"/>
      <line num="97" count="5" type="cond" truecount="1" falsecount="0"/>
      <line num="98" count="2" type="stmt"/>
      <line num="102" count="10" type="stmt"/>
      <line num="107" count="10" type="stmt"/>
      <line num="108" count="10" type="stmt"/>
      <line num="109" count="10" type="stmt"/>
      <line num="112" count="10" type="stmt"/>
      <line num="113" count="10" type="cond" truecount="1" falsecount="0"/>
      <line num="114" count="1" type="stmt"/>
      <line num="118" count="9" type="stmt"/>
      <line num="121" count="9" type="stmt"/>
      <line num="122" count="0" type="stmt"/>
      <line num="125" count="9" type="stmt"/>
      <line num="126" count="1" type="stmt"/>
      <line num="128" count="1" type="stmt"/>
      <line num="129" count="1" type="stmt"/>
      <line num="131" count="1" type="stmt"/>
      <line num="134" count="9" type="stmt"/>
      <line num="136" count="8" type="stmt"/>
      <line num="137" count="8" type="stmt"/>
      <line num="140" count="37" type="stmt"/>
      <line num="141" count="37" type="stmt"/>
      <line num="144" count="100" type="stmt"/>
      <line num="146" count="100" type="cond" truecount="1" falsecount="0"/>
      <line num="147" count="69" type="stmt"/>
      <line num="148" count="69" type="stmt"/>
      <line num="150" count="69" type="stmt"/>
      <line num="153" count="31" type="stmt"/>
      <line num="156" count="2" type="stmt"/>
      <line num="157" count="2" type="stmt"/>
      <line num="163" count="183" type="stmt"/>
      <line num="164" count="183" type="stmt"/>
      <line num="168" count="3" type="stmt"/>
      <line num="172" count="0" type="stmt"/>
      <line num="176" count="70" type="stmt"/>
      <line num="179" count="70" type="stmt"/>
      <line num="180" count="70" type="stmt"/>
      <line num="181" count="67" type="cond" truecount="0" falsecount="1"/>
      <line num="182" count="0" type="stmt"/>
      <line num="183" count="0" type="stmt"/>
      <line num="185" count="67" type="stmt"/>
      <line num="189" count="70" type="stmt"/>
      <line num="190" count="70" type="stmt"/>
      <line num="191" count="67" type="cond" truecount="1" falsecount="0"/>
      <line num="192" count="66" type="stmt"/>
      <line num="193" count="66" type="stmt"/>
      <line num="194" count="66" type="stmt"/>
      <line num="198" count="70" type="cond" truecount="1" falsecount="0"/>
      <line num="200" count="4" type="stmt"/>
      <line num="201" count="4" type="stmt"/>
      <line num="202" count="4" type="stmt"/>
      <line num="203" count="4" type="stmt"/>
      <line num="206" count="4" type="stmt"/>
      <line num="210" count="70" type="stmt"/>
      <line num="211" count="70" type="stmt"/>
      <line num="212" count="71" type="cond" truecount="1" falsecount="0"/>
      <line num="213" count="70" type="stmt"/>
      <line num="214" count="70" type="stmt"/>
      <line num="220" count="1" type="stmt"/>
      <line num="222" count="1" type="stmt"/>
      <line num="223" count="1" type="stmt"/>
      <line num="226" count="1" type="stmt"/>
      <line num="227" count="1" type="stmt"/>
      <line num="228" count="1" type="cond" truecount="1" falsecount="0"/>
      <line num="229" count="1" type="stmt"/>
      <line num="230" count="1" type="stmt"/>
      <line num="232" count="0" type="stmt"/>
      <line num="236" count="1" type="cond" truecount="1" falsecount="1"/>
      <line num="237" count="0" type="stmt"/>
      <line num="239" count="1" type="stmt"/>
      <line num="244" count="1" type="stmt"/>
      <line num="250" count="2" type="stmt"/>
    </file>
    <file name="utils.ts" path="/home/wildan/proyek/icast-js/src/utils.ts">
      <metrics statements="64" coveredstatements="64" conditionals="17" coveredconditionals="13" methods="18" coveredmethods="18"/>
      <line num="1" count="3" type="stmt"/>
      <line num="3" count="3" type="cond" truecount="2" falsecount="0"/>
      <line num="4" count="3" type="stmt"/>
      <line num="5" count="3" type="stmt"/>
      <line num="6" count="3" type="stmt"/>
      <line num="7" count="3" type="stmt"/>
      <line num="8" count="3" type="stmt"/>
      <line num="9" count="3" type="stmt"/>
      <line num="10" count="3" type="stmt"/>
      <line num="11" count="3" type="stmt"/>
      <line num="14" count="3" type="cond" truecount="2" falsecount="0"/>
      <line num="15" count="3" type="stmt"/>
      <line num="16" count="3" type="stmt"/>
      <line num="17" count="3" type="stmt"/>
      <line num="18" count="3" type="stmt"/>
      <line num="21" count="3" type="cond" truecount="2" falsecount="0"/>
      <line num="22" count="3" type="stmt"/>
      <line num="23" count="3" type="stmt"/>
      <line num="26" count="3" type="cond" truecount="2" falsecount="0"/>
      <line num="27" count="3" type="stmt"/>
      <line num="50" count="172" type="stmt"/>
      <line num="51" count="1324" type="stmt"/>
      <line num="61" count="12" type="stmt"/>
      <line num="62" count="20784" type="stmt"/>
      <line num="67" count="117" type="stmt"/>
      <line num="68" count="117" type="stmt"/>
      <line num="72" count="238" type="stmt"/>
      <line num="73" count="238" type="stmt"/>
      <line num="77" count="50" type="stmt"/>
      <line num="78" count="50" type="stmt"/>
      <line num="82" count="1465" type="stmt"/>
      <line num="83" count="1465" type="stmt"/>
      <line num="87" count="2" type="stmt"/>
      <line num="94" count="14" type="stmt"/>
      <line num="97" count="13" type="stmt"/>
      <line num="100" count="1" type="stmt"/>
      <line num="105" count="470" type="stmt"/>
      <line num="107" count="470" type="stmt"/>
      <line num="108" count="470" type="stmt"/>
      <line num="110" count="470" type="cond" truecount="1" falsecount="0"/>
      <line num="111" count="470" type="stmt"/>
      <line num="112" count="470" type="cond" truecount="1" falsecount="0"/>
      <line num="115" count="470" type="stmt"/>
      <line num="122" count="11" type="stmt"/>
      <line num="124" count="11" type="stmt"/>
      <line num="125" count="11" type="stmt"/>
      <line num="127" count="11" type="stmt"/>
      <line num="129" count="11" type="stmt"/>
      <line num="133" count="2" type="stmt"/>
      <line num="137" count="3" type="stmt"/>
      <line num="138" count="3" type="stmt"/>
      <line num="139" count="3" type="stmt"/>
      <line num="140" count="3" type="stmt"/>
      <line num="143" count="3" type="stmt"/>
      <line num="144" count="3" type="stmt"/>
      <line num="145" count="3" type="stmt"/>
      <line num="146" count="3" type="stmt"/>
      <line num="147" count="3" type="stmt"/>
      <line num="148" count="3" type="stmt"/>
      <line num="149" count="3" type="stmt"/>
      <line num="150" count="3" type="stmt"/>
      <line num="151" count="3" type="stmt"/>
      <line num="152" count="3" type="stmt"/>
      <line num="153" count="3" type="stmt"/>
    </file>
  </project>
</coverage>
