{"/home/wildan/proyek/icast-js/src/config.ts": {"path":"/home/wildan/proyek/icast-js/src/config.ts","statementMap":{"0":{"start":{"line":1,"column":0},"end":{"line":1,"column":null}},"1":{"start":{"line":9,"column":21},"end":{"line":9,"column":35}},"2":{"start":{"line":10,"column":28},"end":{"line":10,"column":30}},"3":{"start":{"line":11,"column":25},"end":{"line":11,"column":27}},"4":{"start":{"line":12,"column":32},"end":{"line":12,"column":51}},"5":{"start":{"line":13,"column":32},"end":{"line":13,"column":34}},"6":{"start":{"line":14,"column":37},"end":{"line":14,"column":54}},"7":{"start":{"line":17,"column":25},"end":{"line":17,"column":57}},"8":{"start":{"line":20,"column":4},"end":{"line":20,"column":28}},"9":{"start":{"line":21,"column":4},"end":{"line":21,"column":48}},"10":{"start":{"line":23,"column":4},"end":{"line":23,"column":47}},"11":{"start":{"line":24,"column":4},"end":{"line":24,"column":64}},"12":{"start":{"line":25,"column":4},"end":{"line":25,"column":58}},"13":{"start":{"line":26,"column":4},"end":{"line":26,"column":65}},"14":{"start":{"line":27,"column":4},"end":{"line":27,"column":72}},"15":{"start":{"line":28,"column":4},"end":{"line":28,"column":75}},"16":{"start":{"line":30,"column":4},"end":{"line":30,"column":15}},"17":{"start":{"line":34,"column":4},"end":{"line":34,"column":31}},"18":{"start":{"line":35,"column":4},"end":{"line":35,"column":38}},"19":{"start":{"line":36,"column":4},"end":{"line":36,"column":35}},"20":{"start":{"line":37,"column":4},"end":{"line":37,"column":37}},"21":{"start":{"line":38,"column":4},"end":{"line":38,"column":42}},"22":{"start":{"line":39,"column":4},"end":{"line":39,"column":42}},"23":{"start":{"line":43,"column":9},"end":{"line":43,"column":15}}},"fnMap":{"0":{"name":"(anonymous_0)","decl":{"start":{"line":16,"column":2},"end":{"line":16,"column":7}},"loc":{"start":{"line":16,"column":25},"end":{"line":31,"column":3}}},"1":{"name":"(anonymous_1)","decl":{"start":{"line":33,"column":2},"end":{"line":33,"column":15}},"loc":{"start":{"line":33,"column":15},"end":{"line":40,"column":3}}}},"branchMap":{},"s":{"0":1,"1":3,"2":3,"3":3,"4":3,"5":3,"6":3,"7":3,"8":3,"9":3,"10":3,"11":3,"12":3,"13":3,"14":3,"15":3,"16":3,"17":0,"18":0,"19":0,"20":0,"21":0,"22":0,"23":1},"f":{"0":3,"1":0},"b":{}}
,"/home/wildan/proyek/icast-js/src/icast.ts": {"path":"/home/wildan/proyek/icast-js/src/icast.ts","statementMap":{"0":{"start":{"line":1,"column":0},"end":{"line":1,"column":45}},"1":{"start":{"line":2,"column":0},"end":{"line":2,"column":42}},"2":{"start":{"line":3,"column":0},"end":{"line":3,"column":34}},"3":{"start":{"line":4,"column":0},"end":{"line":4,"column":80}},"4":{"start":{"line":7,"column":27},"end":{"line":7,"column":44}},"5":{"start":{"line":8,"column":27},"end":{"line":8,"column":43}},"6":{"start":{"line":9,"column":19},"end":{"line":9,"column":31}},"7":{"start":{"line":11,"column":31},"end":{"line":11,"column":35}},"8":{"start":{"line":12,"column":25},"end":{"line":12,"column":30}},"9":{"start":{"line":13,"column":32},"end":{"line":13,"column":47}},"10":{"start":{"line":16,"column":4},"end":{"line":16,"column":47}},"11":{"start":{"line":17,"column":4},"end":{"line":17,"column":67}},"12":{"start":{"line":21,"column":25},"end":{"line":21,"column":56}},"13":{"start":{"line":22,"column":4},"end":{"line":22,"column":46}},"14":{"start":{"line":23,"column":4},"end":{"line":26,"column":6}},"15":{"start":{"line":27,"column":4},"end":{"line":32,"column":6}},"16":{"start":{"line":34,"column":4},"end":{"line":34,"column":15}},"17":{"start":{"line":38,"column":27},"end":{"line":38,"column":53}},"18":{"start":{"line":40,"column":4},"end":{"line":46,"column":null}},"19":{"start":{"line":42,"column":8},"end":{"line":42,"column":49}},"20":{"start":{"line":43,"column":6},"end":{"line":45,"column":null}},"21":{"start":{"line":44,"column":8},"end":{"line":44,"column":57}},"22":{"start":{"line":48,"column":4},"end":{"line":48,"column":39}},"23":{"start":{"line":48,"column":32},"end":{"line":48,"column":39}},"24":{"start":{"line":50,"column":4},"end":{"line":53,"column":null}},"25":{"start":{"line":51,"column":6},"end":{"line":51,"column":67}},"26":{"start":{"line":52,"column":6},"end":{"line":52,"column":31}},"27":{"start":{"line":57,"column":4},"end":{"line":57,"column":48}},"28":{"start":{"line":59,"column":4},"end":{"line":62,"column":null}},"29":{"start":{"line":60,"column":6},"end":{"line":60,"column":30}},"30":{"start":{"line":61,"column":6},"end":{"line":61,"column":13}},"31":{"start":{"line":64,"column":4},"end":{"line":64,"column":65}},"32":{"start":{"line":65,"column":4},"end":{"line":65,"column":11}},"33":{"start":{"line":69,"column":9},"end":{"line":69,"column":14}}},"fnMap":{"0":{"name":"(anonymous_0)","decl":{"start":{"line":15,"column":2},"end":{"line":15,"column":14}},"loc":{"start":{"line":15,"column":47},"end":{"line":18,"column":3}}},"1":{"name":"(anonymous_1)","decl":{"start":{"line":20,"column":2},"end":{"line":20,"column":7}},"loc":{"start":{"line":20,"column":32},"end":{"line":35,"column":3}}},"2":{"name":"(anonymous_2)","decl":{"start":{"line":37,"column":2},"end":{"line":37,"column":8}},"loc":{"start":{"line":37,"column":8},"end":{"line":54,"column":3}}},"3":{"name":"(anonymous_3)","decl":{"start":{"line":56,"column":2},"end":{"line":56,"column":25}},"loc":{"start":{"line":56,"column":48},"end":{"line":66,"column":3}}}},"branchMap":{"0":{"loc":{"start":{"line":15,"column":14},"end":{"line":15,"column":47}},"type":"default-arg","locations":[{"start":{"line":15,"column":43},"end":{"line":15,"column":47}}]},"1":{"loc":{"start":{"line":40,"column":4},"end":{"line":46,"column":null}},"type":"if","locations":[{"start":{"line":40,"column":4},"end":{"line":46,"column":null}}]},"2":{"loc":{"start":{"line":43,"column":6},"end":{"line":45,"column":null}},"type":"if","locations":[{"start":{"line":43,"column":6},"end":{"line":45,"column":null}}]},"3":{"loc":{"start":{"line":48,"column":4},"end":{"line":48,"column":39}},"type":"if","locations":[{"start":{"line":48,"column":4},"end":{"line":48,"column":39}}]},"4":{"loc":{"start":{"line":50,"column":4},"end":{"line":53,"column":null}},"type":"if","locations":[{"start":{"line":50,"column":4},"end":{"line":53,"column":null}}]},"5":{"loc":{"start":{"line":59,"column":4},"end":{"line":62,"column":null}},"type":"if","locations":[{"start":{"line":59,"column":4},"end":{"line":62,"column":null}}]}},"s":{"0":1,"1":1,"2":1,"3":1,"4":3,"5":3,"6":3,"7":3,"8":3,"9":3,"10":3,"11":3,"12":3,"13":3,"14":3,"15":3,"16":3,"17":99,"18":99,"19":68,"20":68,"21":34,"22":99,"23":99,"24":0,"25":0,"26":0,"27":1,"28":1,"29":1,"30":1,"31":0,"32":0,"33":1},"f":{"0":3,"1":3,"2":99,"3":1},"b":{"0":[3],"1":[68],"2":[34],"3":[99],"4":[0],"5":[1]}}
,"/home/wildan/proyek/icast-js/src/multicast.ts": {"path":"/home/wildan/proyek/icast-js/src/multicast.ts","statementMap":{"0":{"start":{"line":1,"column":0},"end":{"line":1,"column":38}},"1":{"start":{"line":2,"column":0},"end":{"line":2,"column":25}},"2":{"start":{"line":3,"column":0},"end":{"line":3,"column":52}},"3":{"start":{"line":12,"column":4},"end":{"line":12,"column":27}},"4":{"start":{"line":15,"column":4},"end":{"line":15,"column":27}},"5":{"start":{"line":18,"column":4},"end":{"line":18,"column":27}},"6":{"start":{"line":21,"column":4},"end":{"line":21,"column":27}},"7":{"start":{"line":25,"column":4},"end":{"line":25,"column":14}},"8":{"start":{"line":29,"column":29},"end":{"line":29,"column":63}},"9":{"start":{"line":31,"column":4},"end":{"line":33,"column":null}},"10":{"start":{"line":32,"column":6},"end":{"line":32,"column":60}},"11":{"start":{"line":35,"column":4},"end":{"line":35,"column":47}},"12":{"start":{"line":39,"column":25},"end":{"line":39,"column":60}},"13":{"start":{"line":41,"column":4},"end":{"line":54,"column":null}},"14":{"start":{"line":42,"column":6},"end":{"line":42,"column":48}},"15":{"start":{"line":43,"column":6},"end":{"line":43,"column":60}},"16":{"start":{"line":45,"column":6},"end":{"line":48,"column":null}},"17":{"start":{"line":46,"column":8},"end":{"line":46,"column":67}},"18":{"start":{"line":47,"column":8},"end":{"line":47,"column":19}},"19":{"start":{"line":50,"column":6},"end":{"line":50,"column":17}},"20":{"start":{"line":51,"column":11},"end":{"line":54,"column":null}},"21":{"start":{"line":52,"column":6},"end":{"line":52,"column":51}},"22":{"start":{"line":53,"column":6},"end":{"line":53,"column":17}},"23":{"start":{"line":56,"column":24},"end":{"line":56,"column":56}},"24":{"start":{"line":57,"column":4},"end":{"line":60,"column":null}},"25":{"start":{"line":58,"column":6},"end":{"line":58,"column":50}},"26":{"start":{"line":59,"column":6},"end":{"line":59,"column":17}},"27":{"start":{"line":62,"column":20},"end":{"line":64,"column":14}},"28":{"start":{"line":63,"column":17},"end":{"line":63,"column":40}},"29":{"start":{"line":65,"column":4},"end":{"line":68,"column":null}},"30":{"start":{"line":66,"column":6},"end":{"line":66,"column":65}},"31":{"start":{"line":67,"column":6},"end":{"line":67,"column":17}},"32":{"start":{"line":70,"column":4},"end":{"line":70,"column":32}},"33":{"start":{"line":72,"column":4},"end":{"line":72,"column":15}},"34":{"start":{"line":76,"column":28},"end":{"line":76,"column":50}},"35":{"start":{"line":77,"column":28},"end":{"line":77,"column":30}},"36":{"start":{"line":80,"column":4},"end":{"line":93,"column":null}},"37":{"start":{"line":82,"column":6},"end":{"line":92,"column":null}},"38":{"start":{"line":88,"column":8},"end":{"line":91,"column":null}},"39":{"start":{"line":89,"column":10},"end":{"line":89,"column":49}},"40":{"start":{"line":90,"column":10},"end":{"line":90,"column":16}},"41":{"start":{"line":95,"column":4},"end":{"line":95,"column":21}},"42":{"start":{"line":99,"column":9},"end":{"line":99,"column":18}}},"fnMap":{"0":{"name":"(anonymous_6)","decl":{"start":{"line":6,"column":2},"end":{"line":6,"column":7}},"loc":{"start":{"line":10,"column":20},"end":{"line":13,"column":3}}},"1":{"name":"(anonymous_7)","decl":{"start":{"line":14,"column":2},"end":{"line":14,"column":6}},"loc":{"start":{"line":14,"column":16},"end":{"line":16,"column":3}}},"2":{"name":"(anonymous_8)","decl":{"start":{"line":17,"column":2},"end":{"line":17,"column":11}},"loc":{"start":{"line":17,"column":11},"end":{"line":19,"column":3}}},"3":{"name":"(anonymous_9)","decl":{"start":{"line":20,"column":2},"end":{"line":20,"column":7}},"loc":{"start":{"line":20,"column":7},"end":{"line":22,"column":3}}},"4":{"name":"(anonymous_10)","decl":{"start":{"line":24,"column":2},"end":{"line":24,"column":22}},"loc":{"start":{"line":24,"column":22},"end":{"line":26,"column":3}}},"5":{"name":"(anonymous_11)","decl":{"start":{"line":28,"column":2},"end":{"line":28,"column":25}},"loc":{"start":{"line":28,"column":41},"end":{"line":36,"column":3}}},"6":{"name":"(anonymous_12)","decl":{"start":{"line":38,"column":2},"end":{"line":38,"column":19}},"loc":{"start":{"line":38,"column":60},"end":{"line":73,"column":3}}},"7":{"name":"(anonymous_13)","decl":{"start":{"line":63,"column":6},"end":{"line":63,"column":7}},"loc":{"start":{"line":63,"column":17},"end":{"line":63,"column":40}}},"8":{"name":"(anonymous_14)","decl":{"start":{"line":75,"column":2},"end":{"line":75,"column":28}},"loc":{"start":{"line":75,"column":28},"end":{"line":96,"column":3}}}},"branchMap":{"0":{"loc":{"start":{"line":31,"column":4},"end":{"line":33,"column":null}},"type":"if","locations":[{"start":{"line":31,"column":4},"end":{"line":33,"column":null}}]},"1":{"loc":{"start":{"line":41,"column":4},"end":{"line":54,"column":null}},"type":"if","locations":[{"start":{"line":41,"column":4},"end":{"line":54,"column":null}},{"start":{"line":51,"column":11},"end":{"line":54,"column":null}}]},"2":{"loc":{"start":{"line":45,"column":6},"end":{"line":48,"column":null}},"type":"if","locations":[{"start":{"line":45,"column":6},"end":{"line":48,"column":null}}]},"3":{"loc":{"start":{"line":51,"column":11},"end":{"line":54,"column":null}},"type":"if","locations":[{"start":{"line":51,"column":11},"end":{"line":54,"column":null}}]},"4":{"loc":{"start":{"line":57,"column":4},"end":{"line":60,"column":null}},"type":"if","locations":[{"start":{"line":57,"column":4},"end":{"line":60,"column":null}}]},"5":{"loc":{"start":{"line":65,"column":4},"end":{"line":68,"column":null}},"type":"if","locations":[{"start":{"line":65,"column":4},"end":{"line":68,"column":null}}]},"6":{"loc":{"start":{"line":82,"column":6},"end":{"line":92,"column":null}},"type":"if","locations":[{"start":{"line":82,"column":6},"end":{"line":92,"column":null}}]},"7":{"loc":{"start":{"line":83,"column":8},"end":{"line":85,"column":54}},"type":"binary-expr","locations":[{"start":{"line":83,"column":8},"end":{"line":83,"column":44}},{"start":{"line":84,"column":8},"end":{"line":84,"column":30}},{"start":{"line":85,"column":8},"end":{"line":85,"column":54}}]},"8":{"loc":{"start":{"line":88,"column":8},"end":{"line":91,"column":null}},"type":"if","locations":[{"start":{"line":88,"column":8},"end":{"line":91,"column":null}}]}},"s":{"0":2,"1":2,"2":2,"3":0,"4":0,"5":0,"6":0,"7":0,"8":10,"9":10,"10":1,"11":9,"12":12,"13":12,"14":7,"15":7,"16":7,"17":0,"18":0,"19":7,"20":5,"21":1,"22":1,"23":4,"24":4,"25":1,"26":1,"27":3,"28":3,"29":3,"30":0,"31":0,"32":3,"33":3,"34":7,"35":7,"36":7,"37":14,"38":7,"39":7,"40":7,"41":7,"42":2},"f":{"0":0,"1":0,"2":0,"3":0,"4":0,"5":10,"6":12,"7":3,"8":7},"b":{"0":[1],"1":[7,5],"2":[0],"3":[1],"4":[1],"5":[0],"6":[7],"7":[14,7,7],"8":[7]}}
,"/home/wildan/proyek/icast-js/src/multicast_v1.ts": {"path":"/home/wildan/proyek/icast-js/src/multicast_v1.ts","statementMap":{"0":{"start":{"line":1,"column":0},"end":{"line":1,"column":40}},"1":{"start":{"line":2,"column":0},"end":{"line":2,"column":null}},"2":{"start":{"line":11,"column":0},"end":{"line":11,"column":31}},"3":{"start":{"line":19,"column":15},"end":{"line":19,"column":17}},"4":{"start":{"line":20,"column":22},"end":{"line":20,"column":38}},"5":{"start":{"line":22,"column":23},"end":{"line":22,"column":24}},"6":{"start":{"line":24,"column":29},"end":{"line":24,"column":38}},"7":{"start":{"line":26,"column":24},"end":{"line":26,"column":40}},"8":{"start":{"line":29,"column":23},"end":{"line":29,"column":24}},"9":{"start":{"line":30,"column":27},"end":{"line":30,"column":42}},"10":{"start":{"line":31,"column":27},"end":{"line":31,"column":45}},"11":{"start":{"line":32,"column":25},"end":{"line":32,"column":26}},"12":{"start":{"line":33,"column":25},"end":{"line":33,"column":26}},"13":{"start":{"line":34,"column":23},"end":{"line":34,"column":25}},"14":{"start":{"line":43,"column":4},"end":{"line":43,"column":12}},"15":{"start":{"line":45,"column":4},"end":{"line":45,"column":45}},"16":{"start":{"line":47,"column":4},"end":{"line":47,"column":43}},"17":{"start":{"line":48,"column":4},"end":{"line":48,"column":35}},"18":{"start":{"line":54,"column":4},"end":{"line":55,"column":64}},"19":{"start":{"line":54,"column":32},"end":{"line":54,"column":61}},"20":{"start":{"line":55,"column":9},"end":{"line":55,"column":64}},"21":{"start":{"line":57,"column":4},"end":{"line":74,"column":7}},"22":{"start":{"line":58,"column":6},"end":{"line":73,"column":9}},"23":{"start":{"line":59,"column":8},"end":{"line":59,"column":47}},"24":{"start":{"line":62,"column":8},"end":{"line":62,"column":41}},"25":{"start":{"line":65,"column":8},"end":{"line":65,"column":37}},"26":{"start":{"line":68,"column":8},"end":{"line":70,"column":50}},"27":{"start":{"line":72,"column":8},"end":{"line":72,"column":18}},"28":{"start":{"line":86,"column":25},"end":{"line":86,"column":40}},"29":{"start":{"line":88,"column":4},"end":{"line":88,"column":17}},"30":{"start":{"line":89,"column":4},"end":{"line":89,"column":21}},"31":{"start":{"line":90,"column":4},"end":{"line":90,"column":31}},"32":{"start":{"line":93,"column":4},"end":{"line":93,"column":63}},"33":{"start":{"line":94,"column":4},"end":{"line":99,"column":null}},"34":{"start":{"line":95,"column":6},"end":{"line":95,"column":58}},"35":{"start":{"line":96,"column":6},"end":{"line":96,"column":36}},"36":{"start":{"line":97,"column":11},"end":{"line":99,"column":null}},"37":{"start":{"line":98,"column":6},"end":{"line":98,"column":17}},"38":{"start":{"line":102,"column":4},"end":{"line":105,"column":9}},"39":{"start":{"line":107,"column":21},"end":{"line":107,"column":48}},"40":{"start":{"line":108,"column":4},"end":{"line":108,"column":33}},"41":{"start":{"line":109,"column":4},"end":{"line":109,"column":33}},"42":{"start":{"line":112,"column":4},"end":{"line":112,"column":48}},"43":{"start":{"line":113,"column":4},"end":{"line":115,"column":null}},"44":{"start":{"line":114,"column":6},"end":{"line":114,"column":17}},"45":{"start":{"line":118,"column":4},"end":{"line":118,"column":70}},"46":{"start":{"line":121,"column":4},"end":{"line":123,"column":7}},"47":{"start":{"line":122,"column":6},"end":{"line":122,"column":52}},"48":{"start":{"line":125,"column":4},"end":{"line":132,"column":7}},"49":{"start":{"line":126,"column":36},"end":{"line":126,"column":73}},"50":{"start":{"line":128,"column":6},"end":{"line":128,"column":39}},"51":{"start":{"line":129,"column":6},"end":{"line":129,"column":40}},"52":{"start":{"line":131,"column":6},"end":{"line":131,"column":49}},"53":{"start":{"line":134,"column":4},"end":{"line":134,"column":34}},"54":{"start":{"line":136,"column":4},"end":{"line":136,"column":36}},"55":{"start":{"line":137,"column":4},"end":{"line":137,"column":15}},"56":{"start":{"line":140,"column":4},"end":{"line":140,"column":64}},"57":{"start":{"line":141,"column":4},"end":{"line":141,"column":26}},"58":{"start":{"line":144,"column":21},"end":{"line":144,"column":48}},"59":{"start":{"line":146,"column":4},"end":{"line":151,"column":null}},"60":{"start":{"line":147,"column":6},"end":{"line":147,"column":41}},"61":{"start":{"line":148,"column":6},"end":{"line":148,"column":45}},"62":{"start":{"line":150,"column":6},"end":{"line":150,"column":50}},"63":{"start":{"line":153,"column":4},"end":{"line":153,"column":49}},"64":{"start":{"line":156,"column":4},"end":{"line":156,"column":22}},"65":{"start":{"line":157,"column":4},"end":{"line":157,"column":26}},"66":{"start":{"line":163,"column":21},"end":{"line":163,"column":41}},"67":{"start":{"line":164,"column":4},"end":{"line":164,"column":38}},"68":{"start":{"line":168,"column":4},"end":{"line":168,"column":45}},"69":{"start":{"line":172,"column":4},"end":{"line":172,"column":27}},"70":{"start":{"line":176,"column":21},"end":{"line":176,"column":48}},"71":{"start":{"line":179,"column":26},"end":{"line":179,"column":41}},"72":{"start":{"line":180,"column":4},"end":{"line":186,"column":null}},"73":{"start":{"line":181,"column":6},"end":{"line":184,"column":null}},"74":{"start":{"line":182,"column":8},"end":{"line":182,"column":42}},"75":{"start":{"line":183,"column":8},"end":{"line":183,"column":17}},"76":{"start":{"line":185,"column":6},"end":{"line":185,"column":15}},"77":{"start":{"line":189,"column":28},"end":{"line":189,"column":33}},"78":{"start":{"line":190,"column":4},"end":{"line":196,"column":null}},"79":{"start":{"line":191,"column":6},"end":{"line":195,"column":null}},"80":{"start":{"line":192,"column":8},"end":{"line":192,"column":27}},"81":{"start":{"line":193,"column":8},"end":{"line":193,"column":24}},"82":{"start":{"line":194,"column":8},"end":{"line":194,"column":14}},"83":{"start":{"line":198,"column":4},"end":{"line":207,"column":null}},"84":{"start":{"line":200,"column":6},"end":{"line":200,"column":24}},"85":{"start":{"line":201,"column":6},"end":{"line":201,"column":19}},"86":{"start":{"line":202,"column":6},"end":{"line":202,"column":25}},"87":{"start":{"line":203,"column":6},"end":{"line":203,"column":33}},"88":{"start":{"line":206,"column":6},"end":{"line":206,"column":50}},"89":{"start":{"line":206,"column":37},"end":{"line":206,"column":48}},"90":{"start":{"line":210,"column":4},"end":{"line":210,"column":15}},"91":{"start":{"line":211,"column":4},"end":{"line":216,"column":null}},"92":{"start":{"line":212,"column":6},"end":{"line":215,"column":null}},"93":{"start":{"line":213,"column":8},"end":{"line":213,"column":30}},"94":{"start":{"line":214,"column":8},"end":{"line":214,"column":14}},"95":{"start":{"line":220,"column":4},"end":{"line":220,"column":52}},"96":{"start":{"line":222,"column":35},"end":{"line":222,"column":50}},"97":{"start":{"line":223,"column":40},"end":{"line":223,"column":54}},"98":{"start":{"line":226,"column":26},"end":{"line":226,"column":41}},"99":{"start":{"line":227,"column":4},"end":{"line":233,"column":null}},"100":{"start":{"line":228,"column":6},"end":{"line":231,"column":null}},"101":{"start":{"line":229,"column":8},"end":{"line":229,"column":27}},"102":{"start":{"line":230,"column":8},"end":{"line":230,"column":14}},"103":{"start":{"line":232,"column":6},"end":{"line":232,"column":15}},"104":{"start":{"line":236,"column":4},"end":{"line":241,"column":null}},"105":{"start":{"line":237,"column":6},"end":{"line":237,"column":67}},"106":{"start":{"line":239,"column":6},"end":{"line":240,"column":70}},"107":{"start":{"line":244,"column":4},"end":{"line":246,"column":75}},"108":{"start":{"line":250,"column":9},"end":{"line":250,"column":20}}},"fnMap":{"0":{"name":"(anonymous_6)","decl":{"start":{"line":42,"column":2},"end":{"line":42,"column":14}},"loc":{"start":{"line":42,"column":75},"end":{"line":49,"column":3}}},"1":{"name":"(anonymous_7)","decl":{"start":{"line":42,"column":67},"end":{"line":42,"column":70}},"loc":{"start":{"line":42,"column":72},"end":{"line":42,"column":75}}},"2":{"name":"(anonymous_8)","decl":{"start":{"line":53,"column":10},"end":{"line":53,"column":15}},"loc":{"start":{"line":53,"column":50},"end":{"line":75,"column":3}}},"3":{"name":"(anonymous_9)","decl":{"start":{"line":57,"column":23},"end":{"line":57,"column":24}},"loc":{"start":{"line":57,"column":35},"end":{"line":74,"column":5}}},"4":{"name":"(anonymous_10)","decl":{"start":{"line":58,"column":32},"end":{"line":58,"column":35}},"loc":{"start":{"line":58,"column":37},"end":{"line":73,"column":7}}},"5":{"name":"(anonymous_11)","decl":{"start":{"line":79,"column":2},"end":{"line":79,"column":7}},"loc":{"start":{"line":84,"column":29},"end":{"line":138,"column":3}}},"6":{"name":"(anonymous_12)","decl":{"start":{"line":121,"column":26},"end":{"line":121,"column":27}},"loc":{"start":{"line":121,"column":39},"end":{"line":123,"column":5}}},"7":{"name":"(anonymous_13)","decl":{"start":{"line":125,"column":28},"end":{"line":125,"column":29}},"loc":{"start":{"line":125,"column":55},"end":{"line":132,"column":5}}},"8":{"name":"(anonymous_14)","decl":{"start":{"line":139,"column":2},"end":{"line":139,"column":6}},"loc":{"start":{"line":139,"column":16},"end":{"line":142,"column":3}}},"9":{"name":"(anonymous_15)","decl":{"start":{"line":143,"column":2},"end":{"line":143,"column":11}},"loc":{"start":{"line":143,"column":11},"end":{"line":154,"column":3}}},"10":{"name":"(anonymous_16)","decl":{"start":{"line":155,"column":2},"end":{"line":155,"column":7}},"loc":{"start":{"line":155,"column":7},"end":{"line":158,"column":3}}},"11":{"name":"(anonymous_17)","decl":{"start":{"line":162,"column":2},"end":{"line":162,"column":22}},"loc":{"start":{"line":162,"column":22},"end":{"line":165,"column":3}}},"12":{"name":"(anonymous_18)","decl":{"start":{"line":167,"column":2},"end":{"line":167,"column":19}},"loc":{"start":{"line":167,"column":70},"end":{"line":169,"column":3}}},"13":{"name":"(anonymous_19)","decl":{"start":{"line":171,"column":2},"end":{"line":171,"column":13}},"loc":{"start":{"line":171,"column":33},"end":{"line":173,"column":3}}},"14":{"name":"(anonymous_20)","decl":{"start":{"line":175,"column":2},"end":{"line":175,"column":14}},"loc":{"start":{"line":175,"column":25},"end":{"line":217,"column":3}}},"15":{"name":"(anonymous_21)","decl":{"start":{"line":206,"column":27},"end":{"line":206,"column":28}},"loc":{"start":{"line":206,"column":37},"end":{"line":206,"column":48}}},"16":{"name":"(anonymous_22)","decl":{"start":{"line":219,"column":2},"end":{"line":219,"column":15}},"loc":{"start":{"line":219,"column":26},"end":{"line":247,"column":3}}}},"branchMap":{"0":{"loc":{"start":{"line":42,"column":14},"end":{"line":42,"column":75}},"type":"default-arg","locations":[{"start":{"line":42,"column":67},"end":{"line":42,"column":75}}]},"1":{"loc":{"start":{"line":53,"column":25},"end":{"line":53,"column":50}},"type":"default-arg","locations":[{"start":{"line":53,"column":45},"end":{"line":53,"column":50}}]},"2":{"loc":{"start":{"line":54,"column":4},"end":{"line":55,"column":64}},"type":"if","locations":[{"start":{"line":54,"column":4},"end":{"line":55,"column":64}},{"start":{"line":55,"column":9},"end":{"line":55,"column":64}}]},"3":{"loc":{"start":{"line":68,"column":8},"end":{"line":70,"column":49}},"type":"cond-expr","locations":[{"start":{"line":69,"column":12},"end":{"line":69,"column":48}},{"start":{"line":70,"column":12},"end":{"line":70,"column":49}}]},"4":{"loc":{"start":{"line":83,"column":4},"end":{"line":83,"column":25}},"type":"default-arg","locations":[{"start":{"line":83,"column":23},"end":{"line":83,"column":25}}]},"5":{"loc":{"start":{"line":84,"column":4},"end":{"line":84,"column":29}},"type":"default-arg","locations":[{"start":{"line":84,"column":24},"end":{"line":84,"column":29}}]},"6":{"loc":{"start":{"line":94,"column":4},"end":{"line":99,"column":null}},"type":"if","locations":[{"start":{"line":94,"column":4},"end":{"line":99,"column":null}},{"start":{"line":97,"column":11},"end":{"line":99,"column":null}}]},"7":{"loc":{"start":{"line":97,"column":11},"end":{"line":99,"column":null}},"type":"if","locations":[{"start":{"line":97,"column":11},"end":{"line":99,"column":null}}]},"8":{"loc":{"start":{"line":113,"column":4},"end":{"line":115,"column":null}},"type":"if","locations":[{"start":{"line":113,"column":4},"end":{"line":115,"column":null}}]},"9":{"loc":{"start":{"line":146,"column":4},"end":{"line":151,"column":null}},"type":"if","locations":[{"start":{"line":146,"column":4},"end":{"line":151,"column":null}}]},"10":{"loc":{"start":{"line":181,"column":6},"end":{"line":184,"column":null}},"type":"if","locations":[{"start":{"line":181,"column":6},"end":{"line":184,"column":null}}]},"11":{"loc":{"start":{"line":191,"column":6},"end":{"line":195,"column":null}},"type":"if","locations":[{"start":{"line":191,"column":6},"end":{"line":195,"column":null}}]},"12":{"loc":{"start":{"line":198,"column":4},"end":{"line":207,"column":null}},"type":"if","locations":[{"start":{"line":198,"column":4},"end":{"line":207,"column":null}}]},"13":{"loc":{"start":{"line":212,"column":6},"end":{"line":215,"column":null}},"type":"if","locations":[{"start":{"line":212,"column":6},"end":{"line":215,"column":null}}]},"14":{"loc":{"start":{"line":228,"column":6},"end":{"line":231,"column":null}},"type":"if","locations":[{"start":{"line":228,"column":6},"end":{"line":231,"column":null}}]},"15":{"loc":{"start":{"line":236,"column":4},"end":{"line":241,"column":null}},"type":"if","locations":[{"start":{"line":236,"column":4},"end":{"line":241,"column":null}},{"start":{"line":238,"column":11},"end":{"line":241,"column":null}}]}},"s":{"0":2,"1":2,"2":2,"3":13,"4":13,"5":13,"6":13,"7":13,"8":13,"9":13,"10":13,"11":13,"12":13,"13":13,"14":13,"15":13,"16":13,"17":13,"18":9,"19":6,"20":3,"21":9,"22":9,"23":8,"24":8,"25":8,"26":8,"27":8,"28":12,"29":12,"30":12,"31":12,"32":12,"33":12,"34":7,"35":7,"36":5,"37":2,"38":10,"39":10,"40":10,"41":10,"42":10,"43":10,"44":1,"45":9,"46":9,"47":0,"48":9,"49":1,"50":1,"51":1,"52":1,"53":9,"54":8,"55":8,"56":37,"57":37,"58":100,"59":100,"60":69,"61":69,"62":69,"63":31,"64":2,"65":2,"66":183,"67":183,"68":3,"69":0,"70":70,"71":70,"72":70,"73":67,"74":0,"75":0,"76":67,"77":70,"78":70,"79":67,"80":66,"81":66,"82":66,"83":70,"84":4,"85":4,"86":4,"87":4,"88":4,"89":1,"90":70,"91":70,"92":71,"93":70,"94":70,"95":1,"96":1,"97":1,"98":1,"99":1,"100":1,"101":1,"102":1,"103":0,"104":1,"105":0,"106":1,"107":1,"108":2},"f":{"0":13,"1":0,"2":9,"3":9,"4":8,"5":12,"6":0,"7":1,"8":37,"9":100,"10":2,"11":183,"12":3,"13":0,"14":70,"15":1,"16":1},"b":{"0":[3],"1":[0],"2":[6,3],"3":[1,7],"4":[5],"5":[10],"6":[7,5],"7":[2],"8":[1],"9":[69],"10":[0],"11":[66],"12":[4],"13":[70],"14":[1],"15":[0,1]}}
,"/home/wildan/proyek/icast-js/src/utils.ts": {"path":"/home/wildan/proyek/icast-js/src/utils.ts","statementMap":{"0":{"start":{"line":1,"column":0},"end":{"line":1,"column":25}},"1":{"start":{"line":3,"column":0},"end":{"line":3,"column":null}},"2":{"start":{"line":4,"column":2},"end":{"line":4,"column":null}},"3":{"start":{"line":5,"column":2},"end":{"line":5,"column":null}},"4":{"start":{"line":6,"column":2},"end":{"line":6,"column":null}},"5":{"start":{"line":7,"column":2},"end":{"line":7,"column":null}},"6":{"start":{"line":8,"column":2},"end":{"line":8,"column":null}},"7":{"start":{"line":9,"column":2},"end":{"line":9,"column":null}},"8":{"start":{"line":10,"column":2},"end":{"line":10,"column":null}},"9":{"start":{"line":11,"column":2},"end":{"line":11,"column":null}},"10":{"start":{"line":137,"column":2},"end":{"line":137,"column":16}},"11":{"start":{"line":14,"column":0},"end":{"line":14,"column":null}},"12":{"start":{"line":15,"column":2},"end":{"line":15,"column":null}},"13":{"start":{"line":16,"column":2},"end":{"line":16,"column":null}},"14":{"start":{"line":17,"column":2},"end":{"line":17,"column":null}},"15":{"start":{"line":18,"column":2},"end":{"line":18,"column":null}},"16":{"start":{"line":138,"column":2},"end":{"line":138,"column":17}},"17":{"start":{"line":21,"column":0},"end":{"line":21,"column":null}},"18":{"start":{"line":22,"column":2},"end":{"line":22,"column":null}},"19":{"start":{"line":23,"column":2},"end":{"line":23,"column":null}},"20":{"start":{"line":139,"column":2},"end":{"line":139,"column":13}},"21":{"start":{"line":26,"column":0},"end":{"line":26,"column":null}},"22":{"start":{"line":27,"column":2},"end":{"line":27,"column":null}},"23":{"start":{"line":140,"column":2},"end":{"line":140,"column":12}},"24":{"start":{"line":50,"column":2},"end":{"line":52,"column":null}},"25":{"start":{"line":50,"column":15},"end":{"line":50,"column":16}},"26":{"start":{"line":51,"column":4},"end":{"line":51,"column":56}},"27":{"start":{"line":144,"column":2},"end":{"line":144,"column":8}},"28":{"start":{"line":61,"column":2},"end":{"line":63,"column":null}},"29":{"start":{"line":61,"column":15},"end":{"line":61,"column":21}},"30":{"start":{"line":62,"column":4},"end":{"line":62,"column":22}},"31":{"start":{"line":143,"column":2},"end":{"line":143,"column":8}},"32":{"start":{"line":67,"column":14},"end":{"line":67,"column":45}},"33":{"start":{"line":68,"column":2},"end":{"line":68,"column":13}},"34":{"start":{"line":146,"column":2},"end":{"line":146,"column":14}},"35":{"start":{"line":72,"column":14},"end":{"line":72,"column":44}},"36":{"start":{"line":73,"column":2},"end":{"line":73,"column":13}},"37":{"start":{"line":145,"column":2},"end":{"line":145,"column":13}},"38":{"start":{"line":77,"column":14},"end":{"line":77,"column":46}},"39":{"start":{"line":78,"column":2},"end":{"line":78,"column":13}},"40":{"start":{"line":147,"column":2},"end":{"line":147,"column":15}},"41":{"start":{"line":82,"column":14},"end":{"line":82,"column":46}},"42":{"start":{"line":83,"column":2},"end":{"line":83,"column":13}},"43":{"start":{"line":148,"column":2},"end":{"line":148,"column":15}},"44":{"start":{"line":87,"column":2},"end":{"line":87,"column":30}},"45":{"start":{"line":149,"column":2},"end":{"line":149,"column":17}},"46":{"start":{"line":94,"column":2},"end":{"line":101,"column":7}},"47":{"start":{"line":97,"column":6},"end":{"line":97,"column":48}},"48":{"start":{"line":100,"column":6},"end":{"line":100,"column":29}},"49":{"start":{"line":150,"column":2},"end":{"line":150,"column":20}},"50":{"start":{"line":105,"column":16},"end":{"line":105,"column":53}},"51":{"start":{"line":107,"column":16},"end":{"line":107,"column":38}},"52":{"start":{"line":108,"column":25},"end":{"line":108,"column":26}},"53":{"start":{"line":110,"column":2},"end":{"line":113,"column":null}},"54":{"start":{"line":111,"column":4},"end":{"line":111,"column":32}},"55":{"start":{"line":112,"column":4},"end":{"line":112,"column":78}},"56":{"start":{"line":112,"column":31},"end":{"line":112,"column":78}},"57":{"start":{"line":115,"column":2},"end":{"line":115,"column":33}},"58":{"start":{"line":151,"column":2},"end":{"line":151,"column":20}},"59":{"start":{"line":122,"column":25},"end":{"line":122,"column":41}},"60":{"start":{"line":124,"column":17},"end":{"line":124,"column":47}},"61":{"start":{"line":125,"column":15},"end":{"line":125,"column":30}},"62":{"start":{"line":127,"column":2},"end":{"line":127,"column":41}},"63":{"start":{"line":129,"column":2},"end":{"line":129,"column":13}},"64":{"start":{"line":152,"column":2},"end":{"line":152,"column":20}},"65":{"start":{"line":133,"column":2},"end":{"line":133,"column":59}},"66":{"start":{"line":133,"column":34},"end":{"line":133,"column":57}},"67":{"start":{"line":153,"column":2},"end":{"line":153,"column":7}}},"fnMap":{"0":{"name":"(anonymous_6)","decl":{"start":{"line":3,"column":0},"end":{"line":3,"column":5}},"loc":{"start":{"line":3,"column":19},"end":{"line":12,"column":1}}},"1":{"name":"(anonymous_7)","decl":{"start":{"line":14,"column":0},"end":{"line":14,"column":5}},"loc":{"start":{"line":14,"column":20},"end":{"line":19,"column":1}}},"2":{"name":"(anonymous_8)","decl":{"start":{"line":21,"column":0},"end":{"line":21,"column":5}},"loc":{"start":{"line":21,"column":16},"end":{"line":24,"column":1}}},"3":{"name":"(anonymous_9)","decl":{"start":{"line":26,"column":0},"end":{"line":26,"column":5}},"loc":{"start":{"line":26,"column":15},"end":{"line":28,"column":1}}},"4":{"name":"memcpy","decl":{"start":{"line":43,"column":9},"end":{"line":43,"column":15}},"loc":{"start":{"line":48,"column":23},"end":{"line":53,"column":1}}},"5":{"name":"memset","decl":{"start":{"line":55,"column":9},"end":{"line":55,"column":15}},"loc":{"start":{"line":59,"column":20},"end":{"line":64,"column":1}}},"6":{"name":"single_uint8","decl":{"start":{"line":66,"column":9},"end":{"line":66,"column":21}},"loc":{"start":{"line":66,"column":43},"end":{"line":69,"column":1}}},"7":{"name":"single_int8","decl":{"start":{"line":71,"column":9},"end":{"line":71,"column":20}},"loc":{"start":{"line":71,"column":46},"end":{"line":74,"column":1}}},"8":{"name":"single_uint16","decl":{"start":{"line":76,"column":9},"end":{"line":76,"column":22}},"loc":{"start":{"line":76,"column":48},"end":{"line":79,"column":1}}},"9":{"name":"single_uint32","decl":{"start":{"line":81,"column":9},"end":{"line":81,"column":22}},"loc":{"start":{"line":81,"column":48},"end":{"line":84,"column":1}}},"10":{"name":"get_time_now_ms","decl":{"start":{"line":86,"column":9},"end":{"line":86,"column":24}},"loc":{"start":{"line":86,"column":24},"end":{"line":88,"column":1}}},"11":{"name":"read_json_blocking","decl":{"start":{"line":90,"column":15},"end":{"line":90,"column":33}},"loc":{"start":{"line":92,"column":24},"end":{"line":102,"column":1}}},"12":{"name":"(anonymous_18)","decl":{"start":{"line":96,"column":10},"end":{"line":96,"column":11}},"loc":{"start":{"line":96,"column":24},"end":{"line":98,"column":5}}},"13":{"name":"(anonymous_19)","decl":{"start":{"line":99,"column":11},"end":{"line":99,"column":12}},"loc":{"start":{"line":99,"column":19},"end":{"line":101,"column":5}}},"14":{"name":"dict_types_to_size","decl":{"start":{"line":104,"column":9},"end":{"line":104,"column":27}},"loc":{"start":{"line":104,"column":45},"end":{"line":116,"column":1}}},"15":{"name":"ip_addr_to_address","decl":{"start":{"line":118,"column":9},"end":{"line":118,"column":27}},"loc":{"start":{"line":120,"column":40},"end":{"line":130,"column":1}}},"16":{"name":"delay","decl":{"start":{"line":132,"column":15},"end":{"line":132,"column":20}},"loc":{"start":{"line":132,"column":31},"end":{"line":134,"column":1}}},"17":{"name":"(anonymous_23)","decl":{"start":{"line":133,"column":21},"end":{"line":133,"column":22}},"loc":{"start":{"line":133,"column":34},"end":{"line":133,"column":57}}}},"branchMap":{"0":{"loc":{"start":{"line":3,"column":5},"end":{"line":3,"column":null}},"type":"binary-expr","locations":[{"start":{"line":3,"column":5},"end":{"line":3,"column":19}},{"start":{"line":3,"column":5},"end":{"line":3,"column":null}}]},"1":{"loc":{"start":{"line":14,"column":5},"end":{"line":14,"column":null}},"type":"binary-expr","locations":[{"start":{"line":14,"column":5},"end":{"line":14,"column":20}},{"start":{"line":14,"column":5},"end":{"line":14,"column":null}}]},"2":{"loc":{"start":{"line":21,"column":5},"end":{"line":21,"column":null}},"type":"binary-expr","locations":[{"start":{"line":21,"column":5},"end":{"line":21,"column":16}},{"start":{"line":21,"column":5},"end":{"line":21,"column":null}}]},"3":{"loc":{"start":{"line":26,"column":5},"end":{"line":26,"column":null}},"type":"binary-expr","locations":[{"start":{"line":26,"column":5},"end":{"line":26,"column":15}},{"start":{"line":26,"column":5},"end":{"line":26,"column":null}}]},"4":{"loc":{"start":{"line":47,"column":2},"end":{"line":47,"column":24}},"type":"default-arg","locations":[{"start":{"line":47,"column":23},"end":{"line":47,"column":24}}]},"5":{"loc":{"start":{"line":48,"column":2},"end":{"line":48,"column":23}},"type":"default-arg","locations":[{"start":{"line":48,"column":22},"end":{"line":48,"column":23}}]},"6":{"loc":{"start":{"line":59,"column":2},"end":{"line":59,"column":20}},"type":"default-arg","locations":[{"start":{"line":59,"column":19},"end":{"line":59,"column":20}}]},"7":{"loc":{"start":{"line":71,"column":21},"end":{"line":71,"column":46}},"type":"default-arg","locations":[{"start":{"line":71,"column":45},"end":{"line":71,"column":46}}]},"8":{"loc":{"start":{"line":76,"column":23},"end":{"line":76,"column":48}},"type":"default-arg","locations":[{"start":{"line":76,"column":47},"end":{"line":76,"column":48}}]},"9":{"loc":{"start":{"line":81,"column":23},"end":{"line":81,"column":48}},"type":"default-arg","locations":[{"start":{"line":81,"column":47},"end":{"line":81,"column":48}}]},"10":{"loc":{"start":{"line":110,"column":2},"end":{"line":113,"column":null}},"type":"if","locations":[{"start":{"line":110,"column":2},"end":{"line":113,"column":null}}]},"11":{"loc":{"start":{"line":112,"column":4},"end":{"line":112,"column":78}},"type":"if","locations":[{"start":{"line":112,"column":4},"end":{"line":112,"column":78}}]},"12":{"loc":{"start":{"line":120,"column":2},"end":{"line":120,"column":40}},"type":"default-arg","locations":[{"start":{"line":120,"column":24},"end":{"line":120,"column":40}}]}},"s":{"0":3,"1":3,"2":3,"3":3,"4":3,"5":3,"6":3,"7":3,"8":3,"9":3,"10":3,"11":3,"12":3,"13":3,"14":3,"15":3,"16":3,"17":3,"18":3,"19":3,"20":3,"21":3,"22":3,"23":3,"24":172,"25":172,"26":1324,"27":3,"28":12,"29":12,"30":20784,"31":3,"32":117,"33":117,"34":3,"35":238,"36":238,"37":3,"38":50,"39":50,"40":3,"41":1465,"42":1465,"43":3,"44":2,"45":3,"46":14,"47":13,"48":1,"49":3,"50":470,"51":470,"52":470,"53":470,"54":470,"55":470,"56":150,"57":470,"58":3,"59":11,"60":11,"61":11,"62":11,"63":11,"64":3,"65":2,"66":2,"67":3},"f":{"0":3,"1":3,"2":3,"3":3,"4":172,"5":12,"6":117,"7":238,"8":50,"9":1465,"10":2,"11":14,"12":13,"13":1,"14":470,"15":11,"16":2,"17":2},"b":{"0":[3,3],"1":[3,3],"2":[3,3],"3":[3,3],"4":[0],"5":[55],"6":[12],"7":[0],"8":[0],"9":[0],"10":[470],"11":[150],"12":[1]}}
}
