TN:
SF:src/config.ts
FN:16,(anonymous_0)
FN:33,(anonymous_1)
FNF:2
FNH:1
FNDA:3,(anonymous_0)
FNDA:0,(anonymous_1)
DA:1,1
DA:9,3
DA:10,3
DA:11,3
DA:12,3
DA:13,3
DA:14,3
DA:17,3
DA:20,3
DA:21,3
DA:23,3
DA:24,3
DA:25,3
DA:26,3
DA:27,3
DA:28,3
DA:30,3
DA:34,0
DA:35,0
DA:36,0
DA:37,0
DA:38,0
DA:39,0
DA:43,1
LF:24
LH:18
BRF:0
BRH:0
end_of_record
TN:
SF:src/icast.ts
FN:15,(anonymous_0)
FN:20,(anonymous_1)
FN:37,(anonymous_2)
FN:56,(anonymous_3)
FNF:4
FNH:4
FNDA:3,(anonymous_0)
FNDA:3,(anonymous_1)
FNDA:99,(anonymous_2)
FNDA:1,(anonymous_3)
DA:1,1
DA:2,1
DA:3,1
DA:4,1
DA:7,3
DA:8,3
DA:9,3
DA:11,3
DA:12,3
DA:13,3
DA:16,3
DA:17,3
DA:21,3
DA:22,3
DA:23,3
DA:27,3
DA:34,3
DA:38,99
DA:40,99
DA:42,68
DA:43,68
DA:44,34
DA:48,99
DA:50,0
DA:51,0
DA:52,0
DA:57,1
DA:59,1
DA:60,1
DA:61,1
DA:64,0
DA:65,0
DA:69,1
LF:33
LH:28
BRDA:15,0,0,3
BRDA:40,1,0,68
BRDA:43,2,0,34
BRDA:48,3,0,99
BRDA:50,4,0,0
BRDA:59,5,0,1
BRF:6
BRH:5
end_of_record
TN:
SF:src/multicast.ts
FN:6,(anonymous_6)
FN:14,(anonymous_7)
FN:17,(anonymous_8)
FN:20,(anonymous_9)
FN:24,(anonymous_10)
FN:28,(anonymous_11)
FN:38,(anonymous_12)
FN:63,(anonymous_13)
FN:75,(anonymous_14)
FNF:9
FNH:4
FNDA:0,(anonymous_6)
FNDA:0,(anonymous_7)
FNDA:0,(anonymous_8)
FNDA:0,(anonymous_9)
FNDA:0,(anonymous_10)
FNDA:10,(anonymous_11)
FNDA:12,(anonymous_12)
FNDA:3,(anonymous_13)
FNDA:7,(anonymous_14)
DA:1,2
DA:2,2
DA:3,2
DA:12,0
DA:15,0
DA:18,0
DA:21,0
DA:25,0
DA:29,10
DA:31,10
DA:32,1
DA:35,9
DA:39,12
DA:41,12
DA:42,7
DA:43,7
DA:45,7
DA:46,0
DA:47,0
DA:50,7
DA:51,5
DA:52,1
DA:53,1
DA:56,4
DA:57,4
DA:58,1
DA:59,1
DA:62,3
DA:63,3
DA:65,3
DA:66,0
DA:67,0
DA:70,3
DA:72,3
DA:76,7
DA:77,7
DA:80,7
DA:82,14
DA:88,7
DA:89,7
DA:90,7
DA:95,7
DA:99,2
LF:43
LH:34
BRDA:31,0,0,1
BRDA:41,1,0,7
BRDA:41,1,1,5
BRDA:45,2,0,0
BRDA:51,3,0,1
BRDA:57,4,0,1
BRDA:65,5,0,0
BRDA:82,6,0,7
BRDA:83,7,0,14
BRDA:83,7,1,7
BRDA:83,7,2,7
BRDA:88,8,0,7
BRF:12
BRH:10
end_of_record
TN:
SF:src/multicast_v1.ts
FN:42,(anonymous_6)
FN:42,(anonymous_7)
FN:53,(anonymous_8)
FN:57,(anonymous_9)
FN:58,(anonymous_10)
FN:79,(anonymous_11)
FN:121,(anonymous_12)
FN:125,(anonymous_13)
FN:139,(anonymous_14)
FN:143,(anonymous_15)
FN:155,(anonymous_16)
FN:162,(anonymous_17)
FN:167,(anonymous_18)
FN:171,(anonymous_19)
FN:175,(anonymous_20)
FN:206,(anonymous_21)
FN:219,(anonymous_22)
FNF:17
FNH:14
FNDA:13,(anonymous_6)
FNDA:0,(anonymous_7)
FNDA:9,(anonymous_8)
FNDA:9,(anonymous_9)
FNDA:8,(anonymous_10)
FNDA:12,(anonymous_11)
FNDA:0,(anonymous_12)
FNDA:1,(anonymous_13)
FNDA:37,(anonymous_14)
FNDA:100,(anonymous_15)
FNDA:2,(anonymous_16)
FNDA:183,(anonymous_17)
FNDA:3,(anonymous_18)
FNDA:0,(anonymous_19)
FNDA:70,(anonymous_20)
FNDA:1,(anonymous_21)
FNDA:1,(anonymous_22)
DA:1,2
DA:2,2
DA:11,2
DA:19,13
DA:20,13
DA:22,13
DA:24,13
DA:26,13
DA:29,13
DA:30,13
DA:31,13
DA:32,13
DA:33,13
DA:34,13
DA:43,13
DA:45,13
DA:47,13
DA:48,13
DA:54,9
DA:55,3
DA:57,9
DA:58,9
DA:59,8
DA:62,8
DA:65,8
DA:68,8
DA:72,8
DA:86,12
DA:88,12
DA:89,12
DA:90,12
DA:93,12
DA:94,12
DA:95,7
DA:96,7
DA:97,5
DA:98,2
DA:102,10
DA:107,10
DA:108,10
DA:109,10
DA:112,10
DA:113,10
DA:114,1
DA:118,9
DA:121,9
DA:122,0
DA:125,9
DA:126,1
DA:128,1
DA:129,1
DA:131,1
DA:134,9
DA:136,8
DA:137,8
DA:140,37
DA:141,37
DA:144,100
DA:146,100
DA:147,69
DA:148,69
DA:150,69
DA:153,31
DA:156,2
DA:157,2
DA:163,183
DA:164,183
DA:168,3
DA:172,0
DA:176,70
DA:179,70
DA:180,70
DA:181,67
DA:182,0
DA:183,0
DA:185,67
DA:189,70
DA:190,70
DA:191,67
DA:192,66
DA:193,66
DA:194,66
DA:198,70
DA:200,4
DA:201,4
DA:202,4
DA:203,4
DA:206,4
DA:210,70
DA:211,70
DA:212,71
DA:213,70
DA:214,70
DA:220,1
DA:222,1
DA:223,1
DA:226,1
DA:227,1
DA:228,1
DA:229,1
DA:230,1
DA:232,0
DA:236,1
DA:237,0
DA:239,1
DA:244,1
DA:250,2
LF:107
LH:101
BRDA:42,0,0,3
BRDA:53,1,0,0
BRDA:54,2,0,6
BRDA:54,2,1,3
BRDA:68,3,0,1
BRDA:68,3,1,7
BRDA:83,4,0,5
BRDA:84,5,0,10
BRDA:94,6,0,7
BRDA:94,6,1,5
BRDA:97,7,0,2
BRDA:113,8,0,1
BRDA:146,9,0,69
BRDA:181,10,0,0
BRDA:191,11,0,66
BRDA:198,12,0,4
BRDA:212,13,0,70
BRDA:228,14,0,1
BRDA:236,15,0,0
BRDA:236,15,1,1
BRF:20
BRH:17
end_of_record
TN:
SF:src/utils.ts
FN:3,(anonymous_6)
FN:14,(anonymous_7)
FN:21,(anonymous_8)
FN:26,(anonymous_9)
FN:43,memcpy
FN:55,memset
FN:66,single_uint8
FN:71,single_int8
FN:76,single_uint16
FN:81,single_uint32
FN:86,get_time_now_ms
FN:90,read_json_blocking
FN:96,(anonymous_18)
FN:99,(anonymous_19)
FN:104,dict_types_to_size
FN:118,ip_addr_to_address
FN:132,delay
FN:133,(anonymous_23)
FNF:18
FNH:18
FNDA:3,(anonymous_6)
FNDA:3,(anonymous_7)
FNDA:3,(anonymous_8)
FNDA:3,(anonymous_9)
FNDA:172,memcpy
FNDA:12,memset
FNDA:117,single_uint8
FNDA:238,single_int8
FNDA:50,single_uint16
FNDA:1465,single_uint32
FNDA:2,get_time_now_ms
FNDA:14,read_json_blocking
FNDA:13,(anonymous_18)
FNDA:1,(anonymous_19)
FNDA:470,dict_types_to_size
FNDA:11,ip_addr_to_address
FNDA:2,delay
FNDA:2,(anonymous_23)
DA:1,3
DA:3,3
DA:4,3
DA:5,3
DA:6,3
DA:7,3
DA:8,3
DA:9,3
DA:10,3
DA:11,3
DA:14,3
DA:15,3
DA:16,3
DA:17,3
DA:18,3
DA:21,3
DA:22,3
DA:23,3
DA:26,3
DA:27,3
DA:50,172
DA:51,1324
DA:61,12
DA:62,20784
DA:67,117
DA:68,117
DA:72,238
DA:73,238
DA:77,50
DA:78,50
DA:82,1465
DA:83,1465
DA:87,2
DA:94,14
DA:97,13
DA:100,1
DA:105,470
DA:107,470
DA:108,470
DA:110,470
DA:111,470
DA:112,470
DA:115,470
DA:122,11
DA:124,11
DA:125,11
DA:127,11
DA:129,11
DA:133,2
DA:137,3
DA:138,3
DA:139,3
DA:140,3
DA:143,3
DA:144,3
DA:145,3
DA:146,3
DA:147,3
DA:148,3
DA:149,3
DA:150,3
DA:151,3
DA:152,3
DA:153,3
LF:64
LH:64
BRDA:3,0,0,3
BRDA:3,0,1,3
BRDA:14,1,0,3
BRDA:14,1,1,3
BRDA:21,2,0,3
BRDA:21,2,1,3
BRDA:26,3,0,3
BRDA:26,3,1,3
BRDA:47,4,0,0
BRDA:48,5,0,55
BRDA:59,6,0,12
BRDA:71,7,0,0
BRDA:76,8,0,0
BRDA:81,9,0,0
BRDA:110,10,0,470
BRDA:112,11,0,150
BRDA:120,12,0,1
BRF:17
BRH:13
end_of_record
